2025-10-08 20:23:32,079 - WARNING - game_tournaments - Attempt 1: https://liquipedia.net/ -> 429 Client Error: Too Many Requests for url: https://liquipedia.net/?User-Agent=Mozilla%2F5.0
2025-10-08 20:23:36,588 - WARNING - game_tournaments - Attempt 2: https://liquipedia.net/ -> 429 Client Error: Too Many Requests for url: https://liquipedia.net/?User-Agent=Mozilla%2F5.0
2025-10-08 20:23:41,049 - WARNING - game_tournaments - Attempt 3: https://liquipedia.net/ -> 429 Client Error: Too Many Requests for url: https://liquipedia.net/?User-Agent=Mozilla%2F5.0
2025-10-08 20:23:45,490 - WARNING - game_tournaments - Attempt 4: https://liquipedia.net/ -> 429 Client Error: Too Many Requests for url: https://liquipedia.net/?User-Agent=Mozilla%2F5.0
2025-10-08 20:23:49,987 - WARNING - game_tournaments - Attempt 5: https://liquipedia.net/ -> 429 Client Error: Too Many Requests for url: https://liquipedia.net/?User-Agent=Mozilla%2F5.0
2025-10-08 20:25:43,623 - WARNING - game_tournaments - Attempt 1: https://liquipedia.net/ -> 429 Client Error: Too Many Requests for url: https://liquipedia.net/?User-Agent=Mozilla%2F5.0
2025-10-08 20:25:48,134 - WARNING - game_tournaments - Attempt 2: https://liquipedia.net/ -> 429 Client Error: Too Many Requests for url: https://liquipedia.net/?User-Agent=Mozilla%2F5.0
2025-10-08 20:25:52,604 - WARNING - game_tournaments - Attempt 3: https://liquipedia.net/ -> 429 Client Error: Too Many Requests for url: https://liquipedia.net/?User-Agent=Mozilla%2F5.0
2025-10-08 20:25:57,122 - WARNING - game_tournaments - Attempt 4: https://liquipedia.net/ -> 429 Client Error: Too Many Requests for url: https://liquipedia.net/?User-Agent=Mozilla%2F5.0
2025-10-08 20:26:02,638 - WARNING - game_tournaments - Attempt 5: https://liquipedia.net/ -> 429 Client Error: Too Many Requests for url: https://liquipedia.net/?User-Agent=Mozilla%2F5.0
2025-10-08 20:28:41,893 - WARNING - game_tournaments - Attempt 1: https://liquipedia.net/ -> 429 Client Error: Too Many Requests for url: https://liquipedia.net/?User-Agent=Mozilla%2F5.0
2025-10-08 20:28:46,369 - WARNING - game_tournaments - Attempt 2: https://liquipedia.net/ -> 429 Client Error: Too Many Requests for url: https://liquipedia.net/?User-Agent=Mozilla%2F5.0
2025-10-08 20:28:50,771 - WARNING - game_tournaments - Attempt 3: https://liquipedia.net/ -> 429 Client Error: Too Many Requests for url: https://liquipedia.net/?User-Agent=Mozilla%2F5.0
2025-10-08 20:28:55,281 - WARNING - game_tournaments - Attempt 4: https://liquipedia.net/ -> 429 Client Error: Too Many Requests for url: https://liquipedia.net/?User-Agent=Mozilla%2F5.0
2025-10-08 20:28:59,789 - WARNING - game_tournaments - Attempt 5: https://liquipedia.net/ -> 429 Client Error: Too Many Requests for url: https://liquipedia.net/?User-Agent=Mozilla%2F5.0
2025-10-08 20:52:55,411 - WARNING - game_tournaments - Attempt 1: ['https://liquipedia.net//dota2/Main_Page', 'https://liquipedia.net//counterstrike/Main_Page', 'https://liquipedia.net//valorant/Main_Page', 'https://liquipedia.net//mobilelegends/Main_Page', 'https://liquipedia.net//leagueoflegends/Main_Page', 'https://liquipedia.net//rocketleague/Main_Page', 'https://liquipedia.net//apexlegends/Main_Page', 'https://liquipedia.net//overwatch/Main_Page', 'https://liquipedia.net//pubgmobile/Main_Page', 'https://liquipedia.net//rainbowsix/Main_Page', 'https://liquipedia.net//fighters/Main_Page', 'https://liquipedia.net//starcraft2/Main_Page', 'https://liquipedia.net//pubg/Main_Page', 'https://liquipedia.net//ageofempires/Main_Page', 'https://liquipedia.net//honorofkings/Main_Page', 'https://liquipedia.net//smash/Main_Page', 'https://liquipedia.net//callofduty/Main_Page', 'https://liquipedia.net//brawlstars/Main_Page', 'https://liquipedia.net//warcraft/Main_Page', 'https://liquipedia.net//worldoftanks/Main_Page', 'https://liquipedia.net//easportsfc/Main_Page', 'https://liquipedia.net//starcraft/Main_Page', 'https://liquipedia.net//wildrift/Main_Page', 'https://liquipedia.net//hearthstone/Main_Page', 'https://liquipedia.net//heroes/Main_Page', 'https://liquipedia.net//artifact/Main_Page', 'https://liquipedia.net//marvelrivals/Main_Page', 'https://liquipedia.net//fortnite/Main_Page', 'https://liquipedia.net//tft/Main_Page', 'https://liquipedia.net//freefire/Main_Page', 'https://liquipedia.net//deadlock/Main_Page', 'https://liquipedia.net//esports/Main_Page', 'https://liquipedia.net//pokemon/Main_Page', 'https://liquipedia.net//crossfire/Main_Page', 'https://liquipedia.net//trackmania/Main_Page', 'https://liquipedia.net//geoguessr/Main_Page', 'https://liquipedia.net//osu/Main_Page', 'https://liquipedia.net//halo/Main_Page', 'https://liquipedia.net//clashroyale/Main_Page', 'https://liquipedia.net//stormgate/Main_Page', 'https://liquipedia.net//clashofclans/Main_Page', 'https://liquipedia.net//worldofwarcraft/Main_Page', 'https://liquipedia.net//teamfortress/Main_Page', 'https://liquipedia.net//arenafps/Main_Page', 'https://liquipedia.net//tetris/Main_Page', 'https://liquipedia.net//sideswipe/Main_Page', 'https://liquipedia.net//paladins/Main_Page', 'https://liquipedia.net//chess/Main_Page', 'https://liquipedia.net//formula1/Main_Page', None, None] -> No connection adapters were found for "['https://liquipedia.net//dota2/Main_Page', 'https://liquipedia.net//counterstrike/Main_Page', 'https://liquipedia.net//valorant/Main_Page', 'https://liquipedia.net//mobilelegends/Main_Page', 'https://liquipedia.net//leagueoflegends/Main_Page', 'https://liquipedia.net//rocketleague/Main_Page', 'https://liquipedia.net//apexlegends/Main_Page', 'https://liquipedia.net//overwatch/Main_Page', 'https://liquipedia.net//pubgmobile/Main_Page', 'https://liquipedia.net//rainbowsix/Main_Page', 'https://liquipedia.net//fighters/Main_Page', 'https://liquipedia.net//starcraft2/Main_Page', 'https://liquipedia.net//pubg/Main_Page', 'https://liquipedia.net//ageofempires/Main_Page', 'https://liquipedia.net//honorofkings/Main_Page', 'https://liquipedia.net//smash/Main_Page', 'https://liquipedia.net//callofduty/Main_Page', 'https://liquipedia.net//brawlstars/Main_Page', 'https://liquipedia.net//warcraft/Main_Page', 'https://liquipedia.net//worldoftanks/Main_Page', 'https://liquipedia.net//easportsfc/Main_Page', 'https://liquipedia.net//starcraft/Main_Page', 'https://liquipedia.net//wildrift/Main_Page', 'https://liquipedia.net//hearthstone/Main_Page', 'https://liquipedia.net//heroes/Main_Page', 'https://liquipedia.net//artifact/Main_Page', 'https://liquipedia.net//marvelrivals/Main_Page', 'https://liquipedia.net//fortnite/Main_Page', 'https://liquipedia.net//tft/Main_Page', 'https://liquipedia.net//freefire/Main_Page', 'https://liquipedia.net//deadlock/Main_Page', 'https://liquipedia.net//esports/Main_Page', 'https://liquipedia.net//pokemon/Main_Page', 'https://liquipedia.net//crossfire/Main_Page', 'https://liquipedia.net//trackmania/Main_Page', 'https://liquipedia.net//geoguessr/Main_Page', 'https://liquipedia.net//osu/Main_Page', 'https://liquipedia.net//halo/Main_Page', 'https://liquipedia.net//clashroyale/Main_Page', 'https://liquipedia.net//stormgate/Main_Page', 'https://liquipedia.net//clashofclans/Main_Page', 'https://liquipedia.net//worldofwarcraft/Main_Page', 'https://liquipedia.net//teamfortress/Main_Page', 'https://liquipedia.net//arenafps/Main_Page', 'https://liquipedia.net//tetris/Main_Page', 'https://liquipedia.net//sideswipe/Main_Page', 'https://liquipedia.net//paladins/Main_Page', 'https://liquipedia.net//chess/Main_Page', 'https://liquipedia.net//formula1/Main_Page', None, None]"
2025-10-08 20:53:07,425 - WARNING - game_tournaments - Attempt 2: ['https://liquipedia.net//dota2/Main_Page', 'https://liquipedia.net//counterstrike/Main_Page', 'https://liquipedia.net//valorant/Main_Page', 'https://liquipedia.net//mobilelegends/Main_Page', 'https://liquipedia.net//leagueoflegends/Main_Page', 'https://liquipedia.net//rocketleague/Main_Page', 'https://liquipedia.net//apexlegends/Main_Page', 'https://liquipedia.net//overwatch/Main_Page', 'https://liquipedia.net//pubgmobile/Main_Page', 'https://liquipedia.net//rainbowsix/Main_Page', 'https://liquipedia.net//fighters/Main_Page', 'https://liquipedia.net//starcraft2/Main_Page', 'https://liquipedia.net//pubg/Main_Page', 'https://liquipedia.net//ageofempires/Main_Page', 'https://liquipedia.net//honorofkings/Main_Page', 'https://liquipedia.net//smash/Main_Page', 'https://liquipedia.net//callofduty/Main_Page', 'https://liquipedia.net//brawlstars/Main_Page', 'https://liquipedia.net//warcraft/Main_Page', 'https://liquipedia.net//worldoftanks/Main_Page', 'https://liquipedia.net//easportsfc/Main_Page', 'https://liquipedia.net//starcraft/Main_Page', 'https://liquipedia.net//wildrift/Main_Page', 'https://liquipedia.net//hearthstone/Main_Page', 'https://liquipedia.net//heroes/Main_Page', 'https://liquipedia.net//artifact/Main_Page', 'https://liquipedia.net//marvelrivals/Main_Page', 'https://liquipedia.net//fortnite/Main_Page', 'https://liquipedia.net//tft/Main_Page', 'https://liquipedia.net//freefire/Main_Page', 'https://liquipedia.net//deadlock/Main_Page', 'https://liquipedia.net//esports/Main_Page', 'https://liquipedia.net//pokemon/Main_Page', 'https://liquipedia.net//crossfire/Main_Page', 'https://liquipedia.net//trackmania/Main_Page', 'https://liquipedia.net//geoguessr/Main_Page', 'https://liquipedia.net//osu/Main_Page', 'https://liquipedia.net//halo/Main_Page', 'https://liquipedia.net//clashroyale/Main_Page', 'https://liquipedia.net//stormgate/Main_Page', 'https://liquipedia.net//clashofclans/Main_Page', 'https://liquipedia.net//worldofwarcraft/Main_Page', 'https://liquipedia.net//teamfortress/Main_Page', 'https://liquipedia.net//arenafps/Main_Page', 'https://liquipedia.net//tetris/Main_Page', 'https://liquipedia.net//sideswipe/Main_Page', 'https://liquipedia.net//paladins/Main_Page', 'https://liquipedia.net//chess/Main_Page', 'https://liquipedia.net//formula1/Main_Page', None, None] -> No connection adapters were found for "['https://liquipedia.net//dota2/Main_Page', 'https://liquipedia.net//counterstrike/Main_Page', 'https://liquipedia.net//valorant/Main_Page', 'https://liquipedia.net//mobilelegends/Main_Page', 'https://liquipedia.net//leagueoflegends/Main_Page', 'https://liquipedia.net//rocketleague/Main_Page', 'https://liquipedia.net//apexlegends/Main_Page', 'https://liquipedia.net//overwatch/Main_Page', 'https://liquipedia.net//pubgmobile/Main_Page', 'https://liquipedia.net//rainbowsix/Main_Page', 'https://liquipedia.net//fighters/Main_Page', 'https://liquipedia.net//starcraft2/Main_Page', 'https://liquipedia.net//pubg/Main_Page', 'https://liquipedia.net//ageofempires/Main_Page', 'https://liquipedia.net//honorofkings/Main_Page', 'https://liquipedia.net//smash/Main_Page', 'https://liquipedia.net//callofduty/Main_Page', 'https://liquipedia.net//brawlstars/Main_Page', 'https://liquipedia.net//warcraft/Main_Page', 'https://liquipedia.net//worldoftanks/Main_Page', 'https://liquipedia.net//easportsfc/Main_Page', 'https://liquipedia.net//starcraft/Main_Page', 'https://liquipedia.net//wildrift/Main_Page', 'https://liquipedia.net//hearthstone/Main_Page', 'https://liquipedia.net//heroes/Main_Page', 'https://liquipedia.net//artifact/Main_Page', 'https://liquipedia.net//marvelrivals/Main_Page', 'https://liquipedia.net//fortnite/Main_Page', 'https://liquipedia.net//tft/Main_Page', 'https://liquipedia.net//freefire/Main_Page', 'https://liquipedia.net//deadlock/Main_Page', 'https://liquipedia.net//esports/Main_Page', 'https://liquipedia.net//pokemon/Main_Page', 'https://liquipedia.net//crossfire/Main_Page', 'https://liquipedia.net//trackmania/Main_Page', 'https://liquipedia.net//geoguessr/Main_Page', 'https://liquipedia.net//osu/Main_Page', 'https://liquipedia.net//halo/Main_Page', 'https://liquipedia.net//clashroyale/Main_Page', 'https://liquipedia.net//stormgate/Main_Page', 'https://liquipedia.net//clashofclans/Main_Page', 'https://liquipedia.net//worldofwarcraft/Main_Page', 'https://liquipedia.net//teamfortress/Main_Page', 'https://liquipedia.net//arenafps/Main_Page', 'https://liquipedia.net//tetris/Main_Page', 'https://liquipedia.net//sideswipe/Main_Page', 'https://liquipedia.net//paladins/Main_Page', 'https://liquipedia.net//chess/Main_Page', 'https://liquipedia.net//formula1/Main_Page', None, None]"
2025-10-08 20:53:21,948 - WARNING - game_tournaments - Attempt 1: ['https://liquipedia.net//dota2/Main_Page', 'https://liquipedia.net//counterstrike/Main_Page', 'https://liquipedia.net//valorant/Main_Page', 'https://liquipedia.net//mobilelegends/Main_Page', 'https://liquipedia.net//leagueoflegends/Main_Page', 'https://liquipedia.net//rocketleague/Main_Page', 'https://liquipedia.net//apexlegends/Main_Page', 'https://liquipedia.net//overwatch/Main_Page', 'https://liquipedia.net//pubgmobile/Main_Page', 'https://liquipedia.net//rainbowsix/Main_Page', 'https://liquipedia.net//fighters/Main_Page', 'https://liquipedia.net//starcraft2/Main_Page', 'https://liquipedia.net//pubg/Main_Page', 'https://liquipedia.net//ageofempires/Main_Page', 'https://liquipedia.net//honorofkings/Main_Page', 'https://liquipedia.net//smash/Main_Page', 'https://liquipedia.net//callofduty/Main_Page', 'https://liquipedia.net//brawlstars/Main_Page', 'https://liquipedia.net//warcraft/Main_Page', 'https://liquipedia.net//worldoftanks/Main_Page', 'https://liquipedia.net//easportsfc/Main_Page', 'https://liquipedia.net//starcraft/Main_Page', 'https://liquipedia.net//wildrift/Main_Page', 'https://liquipedia.net//hearthstone/Main_Page', 'https://liquipedia.net//heroes/Main_Page', 'https://liquipedia.net//artifact/Main_Page', 'https://liquipedia.net//marvelrivals/Main_Page', 'https://liquipedia.net//fortnite/Main_Page', 'https://liquipedia.net//tft/Main_Page', 'https://liquipedia.net//freefire/Main_Page', 'https://liquipedia.net//deadlock/Main_Page', 'https://liquipedia.net//esports/Main_Page', 'https://liquipedia.net//pokemon/Main_Page', 'https://liquipedia.net//crossfire/Main_Page', 'https://liquipedia.net//trackmania/Main_Page', 'https://liquipedia.net//geoguessr/Main_Page', 'https://liquipedia.net//osu/Main_Page', 'https://liquipedia.net//halo/Main_Page', 'https://liquipedia.net//clashroyale/Main_Page', 'https://liquipedia.net//stormgate/Main_Page', 'https://liquipedia.net//clashofclans/Main_Page', 'https://liquipedia.net//worldofwarcraft/Main_Page', 'https://liquipedia.net//teamfortress/Main_Page', 'https://liquipedia.net//arenafps/Main_Page', 'https://liquipedia.net//tetris/Main_Page', 'https://liquipedia.net//sideswipe/Main_Page', 'https://liquipedia.net//paladins/Main_Page', 'https://liquipedia.net//chess/Main_Page', 'https://liquipedia.net//formula1/Main_Page', None, None] -> No connection adapters were found for "['https://liquipedia.net//dota2/Main_Page', 'https://liquipedia.net//counterstrike/Main_Page', 'https://liquipedia.net//valorant/Main_Page', 'https://liquipedia.net//mobilelegends/Main_Page', 'https://liquipedia.net//leagueoflegends/Main_Page', 'https://liquipedia.net//rocketleague/Main_Page', 'https://liquipedia.net//apexlegends/Main_Page', 'https://liquipedia.net//overwatch/Main_Page', 'https://liquipedia.net//pubgmobile/Main_Page', 'https://liquipedia.net//rainbowsix/Main_Page', 'https://liquipedia.net//fighters/Main_Page', 'https://liquipedia.net//starcraft2/Main_Page', 'https://liquipedia.net//pubg/Main_Page', 'https://liquipedia.net//ageofempires/Main_Page', 'https://liquipedia.net//honorofkings/Main_Page', 'https://liquipedia.net//smash/Main_Page', 'https://liquipedia.net//callofduty/Main_Page', 'https://liquipedia.net//brawlstars/Main_Page', 'https://liquipedia.net//warcraft/Main_Page', 'https://liquipedia.net//worldoftanks/Main_Page', 'https://liquipedia.net//easportsfc/Main_Page', 'https://liquipedia.net//starcraft/Main_Page', 'https://liquipedia.net//wildrift/Main_Page', 'https://liquipedia.net//hearthstone/Main_Page', 'https://liquipedia.net//heroes/Main_Page', 'https://liquipedia.net//artifact/Main_Page', 'https://liquipedia.net//marvelrivals/Main_Page', 'https://liquipedia.net//fortnite/Main_Page', 'https://liquipedia.net//tft/Main_Page', 'https://liquipedia.net//freefire/Main_Page', 'https://liquipedia.net//deadlock/Main_Page', 'https://liquipedia.net//esports/Main_Page', 'https://liquipedia.net//pokemon/Main_Page', 'https://liquipedia.net//crossfire/Main_Page', 'https://liquipedia.net//trackmania/Main_Page', 'https://liquipedia.net//geoguessr/Main_Page', 'https://liquipedia.net//osu/Main_Page', 'https://liquipedia.net//halo/Main_Page', 'https://liquipedia.net//clashroyale/Main_Page', 'https://liquipedia.net//stormgate/Main_Page', 'https://liquipedia.net//clashofclans/Main_Page', 'https://liquipedia.net//worldofwarcraft/Main_Page', 'https://liquipedia.net//teamfortress/Main_Page', 'https://liquipedia.net//arenafps/Main_Page', 'https://liquipedia.net//tetris/Main_Page', 'https://liquipedia.net//sideswipe/Main_Page', 'https://liquipedia.net//paladins/Main_Page', 'https://liquipedia.net//chess/Main_Page', 'https://liquipedia.net//formula1/Main_Page', None, None]"
2025-10-08 20:53:33,957 - WARNING - game_tournaments - Attempt 2: ['https://liquipedia.net//dota2/Main_Page', 'https://liquipedia.net//counterstrike/Main_Page', 'https://liquipedia.net//valorant/Main_Page', 'https://liquipedia.net//mobilelegends/Main_Page', 'https://liquipedia.net//leagueoflegends/Main_Page', 'https://liquipedia.net//rocketleague/Main_Page', 'https://liquipedia.net//apexlegends/Main_Page', 'https://liquipedia.net//overwatch/Main_Page', 'https://liquipedia.net//pubgmobile/Main_Page', 'https://liquipedia.net//rainbowsix/Main_Page', 'https://liquipedia.net//fighters/Main_Page', 'https://liquipedia.net//starcraft2/Main_Page', 'https://liquipedia.net//pubg/Main_Page', 'https://liquipedia.net//ageofempires/Main_Page', 'https://liquipedia.net//honorofkings/Main_Page', 'https://liquipedia.net//smash/Main_Page', 'https://liquipedia.net//callofduty/Main_Page', 'https://liquipedia.net//brawlstars/Main_Page', 'https://liquipedia.net//warcraft/Main_Page', 'https://liquipedia.net//worldoftanks/Main_Page', 'https://liquipedia.net//easportsfc/Main_Page', 'https://liquipedia.net//starcraft/Main_Page', 'https://liquipedia.net//wildrift/Main_Page', 'https://liquipedia.net//hearthstone/Main_Page', 'https://liquipedia.net//heroes/Main_Page', 'https://liquipedia.net//artifact/Main_Page', 'https://liquipedia.net//marvelrivals/Main_Page', 'https://liquipedia.net//fortnite/Main_Page', 'https://liquipedia.net//tft/Main_Page', 'https://liquipedia.net//freefire/Main_Page', 'https://liquipedia.net//deadlock/Main_Page', 'https://liquipedia.net//esports/Main_Page', 'https://liquipedia.net//pokemon/Main_Page', 'https://liquipedia.net//crossfire/Main_Page', 'https://liquipedia.net//trackmania/Main_Page', 'https://liquipedia.net//geoguessr/Main_Page', 'https://liquipedia.net//osu/Main_Page', 'https://liquipedia.net//halo/Main_Page', 'https://liquipedia.net//clashroyale/Main_Page', 'https://liquipedia.net//stormgate/Main_Page', 'https://liquipedia.net//clashofclans/Main_Page', 'https://liquipedia.net//worldofwarcraft/Main_Page', 'https://liquipedia.net//teamfortress/Main_Page', 'https://liquipedia.net//arenafps/Main_Page', 'https://liquipedia.net//tetris/Main_Page', 'https://liquipedia.net//sideswipe/Main_Page', 'https://liquipedia.net//paladins/Main_Page', 'https://liquipedia.net//chess/Main_Page', 'https://liquipedia.net//formula1/Main_Page', None, None] -> No connection adapters were found for "['https://liquipedia.net//dota2/Main_Page', 'https://liquipedia.net//counterstrike/Main_Page', 'https://liquipedia.net//valorant/Main_Page', 'https://liquipedia.net//mobilelegends/Main_Page', 'https://liquipedia.net//leagueoflegends/Main_Page', 'https://liquipedia.net//rocketleague/Main_Page', 'https://liquipedia.net//apexlegends/Main_Page', 'https://liquipedia.net//overwatch/Main_Page', 'https://liquipedia.net//pubgmobile/Main_Page', 'https://liquipedia.net//rainbowsix/Main_Page', 'https://liquipedia.net//fighters/Main_Page', 'https://liquipedia.net//starcraft2/Main_Page', 'https://liquipedia.net//pubg/Main_Page', 'https://liquipedia.net//ageofempires/Main_Page', 'https://liquipedia.net//honorofkings/Main_Page', 'https://liquipedia.net//smash/Main_Page', 'https://liquipedia.net//callofduty/Main_Page', 'https://liquipedia.net//brawlstars/Main_Page', 'https://liquipedia.net//warcraft/Main_Page', 'https://liquipedia.net//worldoftanks/Main_Page', 'https://liquipedia.net//easportsfc/Main_Page', 'https://liquipedia.net//starcraft/Main_Page', 'https://liquipedia.net//wildrift/Main_Page', 'https://liquipedia.net//hearthstone/Main_Page', 'https://liquipedia.net//heroes/Main_Page', 'https://liquipedia.net//artifact/Main_Page', 'https://liquipedia.net//marvelrivals/Main_Page', 'https://liquipedia.net//fortnite/Main_Page', 'https://liquipedia.net//tft/Main_Page', 'https://liquipedia.net//freefire/Main_Page', 'https://liquipedia.net//deadlock/Main_Page', 'https://liquipedia.net//esports/Main_Page', 'https://liquipedia.net//pokemon/Main_Page', 'https://liquipedia.net//crossfire/Main_Page', 'https://liquipedia.net//trackmania/Main_Page', 'https://liquipedia.net//geoguessr/Main_Page', 'https://liquipedia.net//osu/Main_Page', 'https://liquipedia.net//halo/Main_Page', 'https://liquipedia.net//clashroyale/Main_Page', 'https://liquipedia.net//stormgate/Main_Page', 'https://liquipedia.net//clashofclans/Main_Page', 'https://liquipedia.net//worldofwarcraft/Main_Page', 'https://liquipedia.net//teamfortress/Main_Page', 'https://liquipedia.net//arenafps/Main_Page', 'https://liquipedia.net//tetris/Main_Page', 'https://liquipedia.net//sideswipe/Main_Page', 'https://liquipedia.net//paladins/Main_Page', 'https://liquipedia.net//chess/Main_Page', 'https://liquipedia.net//formula1/Main_Page', None, None]"
2025-10-09 20:27:37,132 - INFO - game_tournaments - Saved 4 games info.
2025-10-09 20:27:38,704 - INFO - game_tournaments - Saved 4 games info.
2025-10-09 20:27:40,204 - INFO - game_tournaments - Saved 4 games info.
2025-10-09 20:27:41,633 - INFO - game_tournaments - Saved 4 games info.
2025-10-09 20:27:43,152 - INFO - game_tournaments - Saved 4 games info.
2025-10-09 20:27:44,593 - INFO - game_tournaments - Saved 4 games info.
2025-10-09 20:27:46,008 - INFO - game_tournaments - Saved 4 games info.
2025-10-09 20:27:47,429 - INFO - game_tournaments - Saved 4 games info.
2025-10-09 20:27:49,043 - INFO - game_tournaments - Saved 4 games info.
2025-10-09 20:27:50,516 - INFO - game_tournaments - Saved 4 games info.
2025-10-09 20:27:51,935 - INFO - game_tournaments - Saved 4 games info.
2025-10-09 20:27:53,377 - INFO - game_tournaments - Saved 4 games info.
2025-10-09 20:27:54,789 - INFO - game_tournaments - Saved 4 games info.
2025-10-09 20:27:56,242 - INFO - game_tournaments - Saved 4 games info.
2025-10-09 20:27:57,758 - INFO - game_tournaments - Saved 4 games info.
2025-10-09 20:27:59,137 - INFO - game_tournaments - Saved 4 games info.
2025-10-09 20:28:00,529 - INFO - game_tournaments - Saved 4 games info.
2025-10-09 20:28:01,989 - INFO - game_tournaments - Saved 4 games info.
2025-10-09 20:28:03,480 - INFO - game_tournaments - Saved 4 games info.
2025-10-09 20:28:04,895 - INFO - game_tournaments - Saved 4 games info.
2025-10-09 20:28:06,292 - INFO - game_tournaments - Saved 4 games info.
2025-10-09 20:28:07,774 - INFO - game_tournaments - Saved 4 games info.
2025-10-09 20:28:09,181 - INFO - game_tournaments - Saved 4 games info.
2025-10-09 20:28:10,567 - INFO - game_tournaments - Saved 4 games info.
2025-10-09 20:28:11,941 - INFO - game_tournaments - Saved 4 games info.
2025-10-09 20:28:14,255 - INFO - game_tournaments - Saved 4 games info.
2025-10-09 20:28:15,683 - INFO - game_tournaments - Saved 4 games info.
2025-10-09 20:28:17,101 - INFO - game_tournaments - Saved 4 games info.
2025-10-09 20:28:21,290 - INFO - game_tournaments - Saved 4 games info.
2025-10-09 20:28:22,789 - INFO - game_tournaments - Saved 4 games info.
2025-10-09 20:28:24,181 - INFO - game_tournaments - Saved 4 games info.
2025-10-09 20:28:25,556 - INFO - game_tournaments - Saved 4 games info.
2025-10-09 20:28:26,975 - INFO - game_tournaments - Saved 4 games info.
2025-10-09 20:28:28,406 - INFO - game_tournaments - Saved 4 games info.
2025-10-09 20:28:31,368 - INFO - game_tournaments - Saved 4 games info.
2025-10-09 20:28:32,840 - INFO - game_tournaments - Saved 4 games info.
2025-10-09 20:28:34,272 - INFO - game_tournaments - Saved 4 games info.
2025-10-09 20:28:35,799 - INFO - game_tournaments - Saved 4 games info.
2025-10-09 20:28:37,223 - INFO - game_tournaments - Saved 4 games info.
2025-10-09 20:28:39,399 - INFO - game_tournaments - Saved 4 games info.
2025-10-09 20:28:40,794 - INFO - game_tournaments - Saved 4 games info.
2025-10-09 20:28:42,201 - INFO - game_tournaments - Saved 4 games info.
2025-10-09 20:28:44,763 - INFO - game_tournaments - Saved 4 games info.
2025-10-09 20:28:47,254 - INFO - game_tournaments - Saved 4 games info.
2025-10-09 20:28:49,863 - INFO - game_tournaments - Saved 4 games info.
2025-10-09 20:28:51,209 - INFO - game_tournaments - Saved 4 games info.
2025-10-09 20:28:53,324 - INFO - game_tournaments - Saved 4 games info.
2025-10-09 20:28:54,717 - INFO - game_tournaments - Saved 4 games info.
2025-10-09 20:28:56,126 - INFO - game_tournaments - Saved 4 games info.
2025-10-09 20:28:57,127 - WARNING - game_tournaments - Attempt 1: None -> Invalid URL 'None': No scheme supplied. Perhaps you meant https://None?
2025-10-09 20:29:09,131 - WARNING - game_tournaments - Attempt 2: None -> Invalid URL 'None': No scheme supplied. Perhaps you meant https://None?
2025-10-09 20:30:12,098 - INFO - game_tournaments - Saved Dota 2 info.
2025-10-09 20:30:13,655 - INFO - game_tournaments - Saved Counter-Strike info.
2025-10-09 20:30:15,086 - INFO - game_tournaments - Saved VALORANT info.
2025-10-09 20:30:16,513 - INFO - game_tournaments - Saved Mobile Legends info.
2025-10-09 20:30:18,124 - INFO - game_tournaments - Saved League of Legends info.
2025-10-09 20:30:19,659 - INFO - game_tournaments - Saved Rocket League info.
2025-10-09 20:30:21,082 - INFO - game_tournaments - Saved Apex Legends info.
2025-10-09 20:30:22,512 - INFO - game_tournaments - Saved Overwatch info.
2025-10-09 20:30:24,074 - INFO - game_tournaments - Saved PUBG Mobile info.
2025-10-09 20:30:25,608 - INFO - game_tournaments - Saved Rainbow Six info.
2025-10-09 20:30:27,036 - INFO - game_tournaments - Saved Fighting Games info.
2025-10-09 20:30:28,438 - INFO - game_tournaments - Saved StarCraft II info.
2025-10-09 20:30:29,822 - INFO - game_tournaments - Saved PUBG info.
2025-10-09 20:30:31,256 - INFO - game_tournaments - Saved Age of Empires info.
2025-10-09 20:30:32,705 - INFO - game_tournaments - Saved Honor of Kings info.
2025-10-09 20:30:34,063 - INFO - game_tournaments - Saved Smash info.
2025-10-09 20:30:35,537 - INFO - game_tournaments - Saved Call of Duty info.
2025-10-09 20:30:36,947 - INFO - game_tournaments - Saved Brawl Stars info.
2025-10-09 20:30:38,426 - INFO - game_tournaments - Saved Warcraft info.
2025-10-09 20:30:39,835 - INFO - game_tournaments - Saved World of Tanks info.
2025-10-09 20:30:41,264 - INFO - game_tournaments - Saved EA SPORTS FC info.
2025-10-09 20:30:42,693 - INFO - game_tournaments - Saved StarCraft info.
2025-10-09 20:30:44,101 - INFO - game_tournaments - Saved Wild Rift info.
2025-10-09 20:30:45,425 - WARNING - game_tournaments - Attempt 1: https://liquipedia.net//hearthstone/Main_Page -> 429 Client Error: Too Many Requests for url: https://liquipedia.net//hearthstone/Main_Page?User-Agent=Mozilla%2F5.0
2025-10-09 20:31:22,917 - WARNING - game_tournaments - Attempt 1: https://liquipedia.net/ -> 429 Client Error: Too Many Requests for url: https://liquipedia.net/?User-Agent=Mozilla%2F5.0
2025-10-09 20:32:09,387 - INFO - game_tournaments - Saved Dota 2 info.
2025-10-09 20:32:19,986 - INFO - game_tournaments - Saved Counter-Strike info.
2025-10-09 20:32:30,447 - INFO - game_tournaments - Saved VALORANT info.
2025-10-09 20:32:40,954 - INFO - game_tournaments - Saved Mobile Legends info.
2025-10-09 20:32:51,488 - INFO - game_tournaments - Saved League of Legends info.
2025-10-09 20:33:02,049 - INFO - game_tournaments - Saved Rocket League info.
2025-10-09 20:33:12,477 - INFO - game_tournaments - Saved Apex Legends info.
2025-10-09 20:33:22,926 - INFO - game_tournaments - Saved Overwatch info.
2025-10-09 20:33:33,570 - INFO - game_tournaments - Saved PUBG Mobile info.
2025-10-09 20:33:44,041 - INFO - game_tournaments - Saved Rainbow Six info.
2025-10-09 20:33:54,439 - INFO - game_tournaments - Saved Fighting Games info.
2025-10-09 20:34:04,906 - INFO - game_tournaments - Saved StarCraft II info.
2025-10-09 20:34:15,357 - INFO - game_tournaments - Saved PUBG info.
2025-10-09 20:34:25,817 - INFO - game_tournaments - Saved Age of Empires info.
2025-10-09 20:34:36,231 - INFO - game_tournaments - Saved Honor of Kings info.
2025-10-09 20:34:46,704 - INFO - game_tournaments - Saved Smash info.
2025-10-09 20:34:57,143 - INFO - game_tournaments - Saved Call of Duty info.
2025-10-09 20:35:07,550 - INFO - game_tournaments - Saved Brawl Stars info.
2025-10-09 20:35:17,987 - INFO - game_tournaments - Saved Warcraft info.
2025-10-09 20:35:28,377 - INFO - game_tournaments - Saved World of Tanks info.
2025-10-09 20:35:38,796 - INFO - game_tournaments - Saved EA SPORTS FC info.
2025-10-09 20:35:49,172 - INFO - game_tournaments - Saved StarCraft info.
2025-10-09 20:36:00,866 - INFO - game_tournaments - Saved Wild Rift info.
2025-10-09 20:36:11,275 - INFO - game_tournaments - Saved Hearthstone info.
2025-10-09 20:36:22,831 - INFO - game_tournaments - Saved Heroes info.
2025-10-09 20:36:33,220 - INFO - game_tournaments - Saved Artifact info.
2025-10-09 20:36:43,593 - INFO - game_tournaments - Saved Marvel Rivals info.
2025-10-09 20:36:53,986 - INFO - game_tournaments - Saved Fortnite info.
2025-10-09 20:37:04,423 - INFO - game_tournaments - Saved Teamfight Tactics info.
2025-10-09 20:37:14,821 - INFO - game_tournaments - Saved Free Fire info.
2025-10-09 20:37:26,206 - INFO - game_tournaments - Saved Deadlock info.
2025-10-09 20:37:36,559 - INFO - game_tournaments - Saved Esports info.
2025-10-09 20:37:46,946 - INFO - game_tournaments - Saved Pokémon info.
2025-10-09 20:37:57,316 - INFO - game_tournaments - Saved CrossFire info.
2025-10-09 20:38:09,621 - INFO - game_tournaments - Saved Trackmania info.
2025-10-09 20:38:20,053 - INFO - game_tournaments - Saved GeoGuessr info.
2025-10-09 20:38:30,430 - INFO - game_tournaments - Saved osu! info.
2025-10-09 20:38:40,965 - INFO - game_tournaments - Saved Halo info.
2025-10-09 20:38:52,982 - INFO - game_tournaments - Saved Clash Royale info.
2025-10-09 20:39:04,072 - INFO - game_tournaments - Saved Stormgate info.
2025-10-09 20:39:14,486 - INFO - game_tournaments - Saved Clash of Clans info.
2025-10-09 20:39:24,834 - INFO - game_tournaments - Saved World of Warcraft info.
2025-10-09 20:39:36,302 - INFO - game_tournaments - Saved Team Fortress info.
2025-10-09 20:39:47,926 - INFO - game_tournaments - Saved Arena FPS info.
2025-10-09 20:39:59,495 - INFO - game_tournaments - Saved Tetris info.
2025-10-09 20:40:09,976 - INFO - game_tournaments - Saved Rocket League Sideswipe info.
2025-10-09 20:40:21,135 - INFO - game_tournaments - Saved Paladins info.
2025-10-09 20:40:31,483 - WARNING - game_tournaments - Attempt 1: https://liquipedia.net//chess/Main_Page -> 429 Client Error: Too Many Requests for url: https://liquipedia.net//chess/Main_Page?User-Agent=Mozilla%2F5.0
2025-10-09 20:40:43,829 - WARNING - game_tournaments - Attempt 2: https://liquipedia.net//chess/Main_Page -> 429 Client Error: Too Many Requests for url: https://liquipedia.net//chess/Main_Page?User-Agent=Mozilla%2F5.0
2025-10-09 20:41:27,628 - WARNING - game_tournaments - Attempt 1: https://liquipedia.net/ -> 429 Client Error: Too Many Requests for url: https://liquipedia.net/?User-Agent=Mozilla%2F5.0
2025-10-09 20:43:51,383 - INFO - game_tournaments - Saved Dota 2 info.
2025-10-09 20:43:56,385 - INFO - game_tournaments - Done. Total games: 1
2025-10-09 21:00:14,468 - INFO - game_tournaments - Saved Dota 2 info.
2025-10-09 21:00:19,469 - INFO - game_tournaments - Done. Total games: 1
2025-10-09 21:02:22,279 - INFO - game_tournaments - Saved Dota 2 info.
2025-10-09 21:02:27,280 - INFO - game_tournaments - Done. Total games: 1
2025-10-09 21:03:20,408 - INFO - game_tournaments - Saved Dota 2 info.
2025-10-09 21:03:25,409 - INFO - game_tournaments - Done. Total games: 1
2025-10-09 21:04:36,384 - INFO - game_tournaments - Saved Dota 2 info.
2025-10-09 21:04:41,385 - INFO - game_tournaments - Done. Total games: 1
2025-10-09 21:05:16,747 - INFO - game_tournaments - Saved Dota 2 info.
2025-10-09 21:05:21,749 - INFO - game_tournaments - Done. Total games: 1
2025-10-09 21:09:51,942 - INFO - game_tournaments - Saved Dota 2 info.
2025-10-09 21:09:56,943 - INFO - game_tournaments - Done. Total games: 1
2025-10-09 21:11:50,790 - INFO - game_tournaments - Saved Dota 2 info.
2025-10-09 21:11:55,791 - INFO - game_tournaments - Done. Total games: 1
2025-10-09 21:13:43,740 - INFO - game_tournaments - Saved Dota 2 info.
2025-10-09 21:13:48,742 - INFO - game_tournaments - Done. Total games: 1
2025-10-09 21:14:03,688 - INFO - game_tournaments - Saved Dota 2 info.
2025-10-09 21:14:09,378 - INFO - game_tournaments - Saved Dota 2 info.
2025-10-09 21:14:14,840 - INFO - game_tournaments - Saved Dota 2 info.
2025-10-09 21:14:20,267 - INFO - game_tournaments - Saved Dota 2 info.
2025-10-09 21:14:25,775 - INFO - game_tournaments - Saved Dota 2 info.
2025-10-09 21:14:31,297 - INFO - game_tournaments - Saved Dota 2 info.
2025-10-09 21:14:36,796 - INFO - game_tournaments - Saved Dota 2 info.
2025-10-09 21:14:42,184 - INFO - game_tournaments - Saved Dota 2 info.
2025-10-09 21:15:36,907 - INFO - game_tournaments - Saved Dota 2 info.
2025-10-09 21:15:42,471 - INFO - game_tournaments - Saved Counter-Strike info.
2025-10-09 21:15:47,992 - INFO - game_tournaments - Saved VALORANT info.
2025-10-09 21:15:53,472 - INFO - game_tournaments - Saved Mobile Legends info.
2025-10-09 21:15:58,951 - INFO - game_tournaments - Saved League of Legends info.
2025-10-09 21:17:47,667 - INFO - game_tournaments - Saved Dota 2 info.
2025-10-09 21:17:53,284 - INFO - game_tournaments - Saved Counter-Strike info.
2025-10-09 21:17:58,757 - INFO - game_tournaments - Saved VALORANT info.
2025-10-09 21:18:04,158 - INFO - game_tournaments - Saved Mobile Legends info.
2025-10-09 21:18:09,734 - INFO - game_tournaments - Saved League of Legends info.
2025-10-09 21:18:15,196 - INFO - game_tournaments - Saved Rocket League info.
2025-10-09 21:18:20,611 - INFO - game_tournaments - Saved Apex Legends info.
2025-10-09 21:18:26,044 - INFO - game_tournaments - Saved Overwatch info.
2025-10-09 21:18:31,569 - INFO - game_tournaments - Saved PUBG Mobile info.
2025-10-09 21:18:37,042 - INFO - game_tournaments - Saved Rainbow Six info.
2025-10-09 21:18:42,484 - INFO - game_tournaments - Saved Fighting Games info.
2025-10-09 21:18:47,919 - INFO - game_tournaments - Saved StarCraft II info.
2025-10-09 21:18:53,322 - INFO - game_tournaments - Saved PUBG info.
2025-10-09 21:20:21,939 - INFO - game_tournaments - Saved Dota 2 info.
2025-10-09 21:20:27,506 - INFO - game_tournaments - Saved Counter-Strike info.
2025-10-09 21:20:32,958 - INFO - game_tournaments - Saved VALORANT info.
2025-10-09 21:20:38,457 - INFO - game_tournaments - Saved Mobile Legends info.
2025-10-09 21:20:44,007 - INFO - game_tournaments - Saved League of Legends info.
2025-10-09 21:20:49,543 - INFO - game_tournaments - Saved Rocket League info.
2025-10-09 21:20:54,962 - INFO - game_tournaments - Saved Apex Legends info.
2025-10-09 21:21:00,396 - INFO - game_tournaments - Saved Overwatch info.
2025-10-09 21:21:05,990 - INFO - game_tournaments - Saved PUBG Mobile info.
2025-10-09 21:21:11,456 - INFO - game_tournaments - Saved Rainbow Six info.
2025-10-09 21:21:26,733 - INFO - game_tournaments - Saved Dota 2 info.
2025-10-09 21:21:32,342 - INFO - game_tournaments - Saved Counter-Strike info.
2025-10-09 21:21:37,876 - INFO - game_tournaments - Saved VALORANT info.
2025-10-09 21:21:43,293 - INFO - game_tournaments - Saved Mobile Legends info.
2025-10-09 21:21:48,794 - INFO - game_tournaments - Saved League of Legends info.
2025-10-09 21:21:54,282 - INFO - game_tournaments - Saved Rocket League info.
2025-10-09 21:21:59,659 - INFO - game_tournaments - Saved Apex Legends info.
2025-10-09 21:22:05,139 - INFO - game_tournaments - Saved Overwatch info.
2025-10-09 21:22:10,667 - INFO - game_tournaments - Saved PUBG Mobile info.
2025-10-09 21:22:16,096 - INFO - game_tournaments - Saved Rainbow Six info.
2025-10-09 21:22:21,484 - INFO - game_tournaments - Saved Fighting Games info.
2025-10-09 21:22:26,899 - INFO - game_tournaments - Saved StarCraft II info.
2025-10-09 21:22:32,314 - INFO - game_tournaments - Saved PUBG info.
2025-10-09 21:22:37,817 - INFO - game_tournaments - Saved Age of Empires info.
2025-10-09 21:22:43,233 - INFO - game_tournaments - Saved Honor of Kings info.
2025-10-09 21:22:48,605 - INFO - game_tournaments - Saved Smash info.
2025-10-09 21:22:54,023 - INFO - game_tournaments - Saved Call of Duty info.
2025-10-09 21:22:59,413 - INFO - game_tournaments - Saved Brawl Stars info.
2025-10-09 21:23:04,841 - INFO - game_tournaments - Saved Warcraft info.
2025-10-09 21:23:10,214 - INFO - game_tournaments - Saved World of Tanks info.
2025-10-09 21:23:15,687 - INFO - game_tournaments - Saved EA SPORTS FC info.
2025-10-09 21:23:21,098 - INFO - game_tournaments - Saved StarCraft info.
2025-10-09 21:23:26,503 - INFO - game_tournaments - Saved Wild Rift info.
2025-10-09 21:23:31,921 - INFO - game_tournaments - Saved Hearthstone info.
2025-10-09 21:23:37,351 - INFO - game_tournaments - Saved Heroes info.
2025-10-09 21:23:42,744 - INFO - game_tournaments - Saved Artifact info.
2025-10-09 21:23:48,137 - INFO - game_tournaments - Saved Marvel Rivals info.
2025-10-09 21:23:53,542 - INFO - game_tournaments - Saved Fortnite info.
2025-10-09 21:23:59,092 - INFO - game_tournaments - Saved Teamfight Tactics info.
2025-10-09 21:24:04,482 - INFO - game_tournaments - Saved Free Fire info.
2025-10-09 21:24:09,854 - INFO - game_tournaments - Saved Deadlock info.
2025-10-09 21:24:15,194 - INFO - game_tournaments - Saved Esports info.
2025-10-09 21:24:20,589 - INFO - game_tournaments - Saved Pokémon info.
2025-10-09 21:24:27,224 - INFO - game_tournaments - Saved CrossFire info.
2025-10-09 21:24:32,658 - INFO - game_tournaments - Saved Trackmania info.
2025-10-09 21:24:38,087 - INFO - game_tournaments - Saved GeoGuessr info.
2025-10-09 21:24:44,828 - INFO - game_tournaments - Saved osu! info.
2025-10-09 21:24:50,272 - INFO - game_tournaments - Saved Halo info.
2025-10-09 21:24:57,126 - INFO - game_tournaments - Saved Clash Royale info.
2025-10-09 21:25:02,530 - INFO - game_tournaments - Saved Stormgate info.
2025-10-09 21:25:08,986 - INFO - game_tournaments - Saved Clash of Clans info.
2025-10-09 21:25:15,348 - INFO - game_tournaments - Saved World of Warcraft info.
2025-10-09 21:25:20,784 - INFO - game_tournaments - Saved Team Fortress info.
2025-10-09 21:25:27,371 - INFO - game_tournaments - Saved Arena FPS info.
2025-10-09 21:25:34,096 - INFO - game_tournaments - Saved Tetris info.
2025-10-09 21:25:39,422 - WARNING - game_tournaments - Attempt 1: https://liquipedia.net//sideswipe/Main_Page -> 429 Client Error: Too Many Requests for url: https://liquipedia.net//sideswipe/Main_Page?User-Agent=Mozilla%2F5.0
2025-10-09 21:25:51,744 - WARNING - game_tournaments - Attempt 2: https://liquipedia.net//sideswipe/Main_Page -> 429 Client Error: Too Many Requests for url: https://liquipedia.net//sideswipe/Main_Page?User-Agent=Mozilla%2F5.0
2025-10-09 21:57:19,572 - INFO - game_tournaments - Saved Dota 2 info.
2025-10-09 21:57:30,152 - INFO - game_tournaments - Saved Counter-Strike info.
2025-10-09 21:57:49,034 - INFO - game_tournaments - Saved Dota 2 info.
2025-10-09 21:57:59,753 - INFO - game_tournaments - Saved Counter-Strike info.
2025-10-09 21:58:10,221 - INFO - game_tournaments - Saved VALORANT info.
2025-10-09 21:58:20,664 - INFO - game_tournaments - Saved Mobile Legends info.
2025-10-09 21:58:31,203 - INFO - game_tournaments - Saved League of Legends info.
2025-10-09 21:58:41,743 - INFO - game_tournaments - Saved Rocket League info.
2025-10-09 21:58:52,258 - INFO - game_tournaments - Saved Apex Legends info.
2025-10-09 21:59:02,643 - INFO - game_tournaments - Saved Overwatch info.
2025-10-09 21:59:13,193 - INFO - game_tournaments - Saved PUBG Mobile info.
2025-10-09 21:59:23,648 - INFO - game_tournaments - Saved Rainbow Six info.
2025-10-09 21:59:34,097 - INFO - game_tournaments - Saved Fighting Games info.
2025-10-09 21:59:44,541 - INFO - game_tournaments - Saved StarCraft II info.
2025-10-09 21:59:54,968 - INFO - game_tournaments - Saved PUBG info.
2025-10-09 22:00:05,502 - INFO - game_tournaments - Saved Age of Empires info.
2025-10-09 22:00:15,976 - INFO - game_tournaments - Saved Honor of Kings info.
2025-10-09 22:00:26,396 - INFO - game_tournaments - Saved Smash info.
2025-10-09 22:00:36,803 - INFO - game_tournaments - Saved Call of Duty info.
2025-10-09 22:00:47,240 - INFO - game_tournaments - Saved Brawl Stars info.
2025-10-09 22:00:57,727 - INFO - game_tournaments - Saved Warcraft info.
2025-10-09 22:01:08,212 - INFO - game_tournaments - Saved World of Tanks info.
2025-10-09 22:01:18,631 - INFO - game_tournaments - Saved EA SPORTS FC info.
2025-10-09 22:01:29,043 - INFO - game_tournaments - Saved StarCraft info.
2025-10-09 22:01:39,456 - INFO - game_tournaments - Saved Wild Rift info.
2025-10-09 22:01:49,858 - INFO - game_tournaments - Saved Hearthstone info.
2025-10-09 22:02:00,261 - INFO - game_tournaments - Saved Heroes info.
2025-10-09 22:02:11,655 - INFO - game_tournaments - Saved Artifact info.
2025-10-09 22:02:22,051 - INFO - game_tournaments - Saved Marvel Rivals info.
2025-10-09 22:02:32,545 - INFO - game_tournaments - Saved Fortnite info.
2025-10-09 22:02:42,981 - INFO - game_tournaments - Saved Teamfight Tactics info.
2025-10-09 22:02:53,355 - INFO - game_tournaments - Saved Free Fire info.
2025-10-09 22:03:03,769 - INFO - game_tournaments - Saved Deadlock info.
2025-10-09 22:03:14,105 - INFO - game_tournaments - Saved Esports info.
2025-10-09 22:03:26,584 - INFO - game_tournaments - Saved Pokémon info.
2025-10-09 22:03:36,990 - INFO - game_tournaments - Saved CrossFire info.
2025-10-09 22:03:47,393 - INFO - game_tournaments - Saved Trackmania info.
2025-10-09 22:03:59,829 - INFO - game_tournaments - Saved GeoGuessr info.
2025-10-09 22:04:11,484 - INFO - game_tournaments - Saved osu! info.
2025-10-09 22:04:21,945 - INFO - game_tournaments - Saved Halo info.
2025-10-09 22:04:32,363 - INFO - game_tournaments - Saved Clash Royale info.
2025-10-09 22:04:42,750 - INFO - game_tournaments - Saved Stormgate info.
2025-10-09 22:04:53,152 - INFO - game_tournaments - Saved Clash of Clans info.
2025-10-09 22:05:04,449 - INFO - game_tournaments - Saved World of Warcraft info.
2025-10-09 22:05:16,094 - INFO - game_tournaments - Saved Team Fortress info.
2025-10-09 22:05:27,728 - INFO - game_tournaments - Saved Arena FPS info.
2025-10-09 22:05:39,414 - INFO - game_tournaments - Saved Tetris info.
2025-10-09 22:05:49,814 - INFO - game_tournaments - Saved Rocket League Sideswipe info.
2025-10-09 22:06:00,994 - INFO - game_tournaments - Saved Paladins info.
2025-10-09 22:06:11,396 - INFO - game_tournaments - Saved Chess info.
2025-10-09 22:06:21,864 - INFO - game_tournaments - Saved Formula 1 info.
2025-10-09 22:06:31,865 - WARNING - game_tournaments - Attempt 1: None -> Invalid URL 'None': No scheme supplied. Perhaps you meant https://None?
2025-10-09 22:06:43,869 - WARNING - game_tournaments - Attempt 2: None -> Invalid URL 'None': No scheme supplied. Perhaps you meant https://None?
2025-10-10 19:01:11,827 - INFO - game_tournaments - Saved Dota 2 info.
2025-10-10 19:01:22,656 - INFO - game_tournaments - Saved Counter-Strike info.
2025-10-10 19:01:33,178 - INFO - game_tournaments - Saved VALORANT info.
2025-10-10 19:01:43,663 - INFO - game_tournaments - Saved Mobile Legends info.
2025-10-10 19:01:54,375 - INFO - game_tournaments - Saved League of Legends info.
2025-10-10 19:02:05,088 - INFO - game_tournaments - Saved Rocket League info.
2025-10-10 19:02:15,677 - INFO - game_tournaments - Saved Apex Legends info.
2025-10-10 19:02:26,415 - INFO - game_tournaments - Saved Overwatch info.
2025-10-10 19:02:37,506 - INFO - game_tournaments - Saved PUBG Mobile info.
2025-10-10 19:02:48,068 - INFO - game_tournaments - Saved Rainbow Six info.
2025-10-10 19:02:58,535 - INFO - game_tournaments - Saved Fighting Games info.
2025-10-10 19:03:09,070 - INFO - game_tournaments - Saved StarCraft II info.
2025-10-10 19:03:19,935 - INFO - game_tournaments - Saved PUBG info.
2025-10-10 19:03:30,630 - INFO - game_tournaments - Saved Age of Empires info.
2025-10-10 19:03:41,247 - INFO - game_tournaments - Saved Honor of Kings info.
2025-10-10 19:03:51,736 - INFO - game_tournaments - Saved Smash info.
2025-10-10 19:04:02,256 - INFO - game_tournaments - Saved Call of Duty info.
2025-10-10 19:04:12,765 - INFO - game_tournaments - Saved Brawl Stars info.
2025-10-10 19:04:23,532 - INFO - game_tournaments - Saved Warcraft info.
2025-10-10 19:04:34,042 - INFO - game_tournaments - Saved World of Tanks info.
2025-10-10 19:04:44,537 - INFO - game_tournaments - Saved EA SPORTS FC info.
2025-10-10 19:04:55,017 - INFO - game_tournaments - Saved StarCraft info.
2025-10-10 19:05:06,774 - INFO - game_tournaments - Saved Wild Rift info.
